{
  "System Health": {
    "command": "System Health Validation",
    "returncode": 0,
    "stdout": "System Health Validation Results:\n==================================================\n\u2705 PASS Main Pipeline\n\u2705 PASS Options Pipeline\n\u2705 PASS Data Orchestrator\n\u2705 PASS Environment Config\n\u2705 PASS ML Model Manager\n\u2705 PASS Prompt Chain\n",
    "stderr": "/Users/omar/Documents/Projects/oracle-x/vector_db/qdrant_store.py:13: UserWarning: Api key is used with an insecure connection.\n  qdrant = QdrantClient(\n",
    "success": true
  },
  "Unit Tests": {
    "command": "python -m pytest tests/unit/ -v --tb=short --durations=10",
    "returncode": 0,
    "stdout": "============================= test session starts ==============================\nplatform darwin -- Python 3.12.11, pytest-8.4.1, pluggy-1.6.0 -- /Users/omar/.pyenv/versions/3.12.11/bin/python\ncachedir: .pytest_cache\nrootdir: /Users/omar/Documents/Projects/oracle-x\nconfigfile: pytest.ini\nplugins: anyio-4.9.0, asyncio-1.1.0, dash-3.2.0, cov-6.2.1\nasyncio: mode=Mode.STRICT, asyncio_default_fixture_loop_scope=None, asyncio_default_test_loop_scope=function\ncollecting ... collected 3 items\n\ntests/unit/test_basic_system.py::test_basic_quotes PASSED                [ 33%]\ntests/unit/test_basic_system.py::test_market_internals PASSED            [ 66%]\ntests/unit/test_basic_system.py::test_system_health PASSED               [100%]\n\n============================= slowest 10 durations =============================\n1.16s call     tests/unit/test_basic_system.py::test_basic_quotes\n0.66s call     tests/unit/test_basic_system.py::test_market_internals\n\n(7 durations < 0.005s hidden.  Use -vv to show these durations.)\n============================== 3 passed in 9.87s ===============================\n",
    "stderr": "",
    "success": true
  },
  "Integration Tests": {
    "command": "python -m pytest tests/integration/ -v --tb=short --durations=10",
    "returncode": 1,
    "stdout": "============================= test session starts ==============================\nplatform darwin -- Python 3.12.11, pytest-8.4.1, pluggy-1.6.0 -- /Users/omar/.pyenv/versions/3.12.11/bin/python\ncachedir: .pytest_cache\nrootdir: /Users/omar/Documents/Projects/oracle-x\nconfigfile: pytest.ini\nplugins: anyio-4.9.0, asyncio-1.1.0, dash-3.2.0, cov-6.2.1\nasyncio: mode=Mode.STRICT, asyncio_default_fixture_loop_scope=None, asyncio_default_test_loop_scope=function\ncollecting ... collected 85 items\n\ntests/integration/test_comprehensive_fmp_integration.py::test_comprehensive_fmp_integration PASSED [  1%]\ntests/integration/test_data_feeds_comprehensive.py::test_reddit_adapter PASSED [  2%]\ntests/integration/test_data_feeds_comprehensive.py::test_finviz_adapter PASSED [  3%]\ntests/integration/test_data_feeds_comprehensive.py::test_twelvedata_adapter PASSED [  4%]\ntests/integration/test_data_feeds_comprehensive.py::test_twitter_adapter PASSED [  5%]\ntests/integration/test_data_feeds_comprehensive.py::test_investiny_adapter PASSED [  7%]\ntests/integration/test_data_feeds_comprehensive.py::test_adapter_wrappers PASSED [  8%]\ntests/integration/test_data_feeds_comprehensive.py::test_orchestrator_basic PASSED [  9%]\ntests/integration/test_data_feeds_comprehensive.py::test_orchestrator_sentiment PASSED [ 10%]\ntests/integration/test_data_feeds_comprehensive.py::test_orchestrator_market_data PASSED [ 11%]\ntests/integration/test_data_feeds_comprehensive.py::test_cli_validate_integration PASSED [ 12%]\ntests/integration/test_enhanced_integration.py::test_enhanced_finance_database PASSED [ 14%]\ntests/integration/test_enhanced_integration.py::test_finance_toolkit_integration PASSED [ 15%]\ntests/integration/test_enhanced_integration.py::test_combined_workflow PASSED [ 16%]\ntests/integration/test_enhanced_pipeline_comprehensive.py::TestEnhancedPipelineConfig::test_default_config PASSED [ 17%]\ntests/integration/test_enhanced_pipeline_comprehensive.py::TestEnhancedPipelineConfig::test_custom_config PASSED [ 18%]\ntests/integration/test_enhanced_pipeline_comprehensive.py::TestEnhancedFeatureEngine::test_feature_extraction PASSED [ 20%]\ntests/integration/test_enhanced_pipeline_comprehensive.py::TestEnhancedFeatureEngine::test_rsi_calculation FAILED [ 21%]\ntests/integration/test_enhanced_pipeline_comprehensive.py::TestEnhancedFeatureEngine::test_macd_calculation PASSED [ 22%]\ntests/integration/test_enhanced_pipeline_comprehensive.py::TestEnhancedFeatureEngine::test_bollinger_bands PASSED [ 23%]\ntests/integration/test_enhanced_pipeline_comprehensive.py::TestEnhancedFeatureEngine::test_volatility_calculations PASSED [ 24%]\ntests/integration/test_enhanced_pipeline_comprehensive.py::TestEnhancedFeatureEngine::test_risk_metrics FAILED [ 25%]\ntests/integration/test_enhanced_pipeline_comprehensive.py::TestEnhancedFeatureEngine::test_empty_data_handling PASSED [ 27%]\ntests/integration/test_enhanced_pipeline_comprehensive.py::TestEnhancedMLEngine::test_model_initialization PASSED [ 28%]\ntests/integration/test_enhanced_pipeline_comprehensive.py::TestEnhancedMLEngine::test_model_training PASSED [ 29%]\ntests/integration/test_enhanced_pipeline_comprehensive.py::TestEnhancedMLEngine::test_ensemble_prediction PASSED [ 30%]\ntests/integration/test_enhanced_pipeline_comprehensive.py::TestEnhancedMLEngine::test_empty_data_handling PASSED [ 31%]\ntests/integration/test_enhanced_pipeline_comprehensive.py::TestEnhancedOracleOptionsPipeline::test_safe_mode_initialization ERROR [ 32%]\ntests/integration/test_enhanced_pipeline_comprehensive.py::TestEnhancedOracleOptionsPipeline::test_mock_data_generation ERROR [ 34%]\ntests/integration/test_enhanced_pipeline_comprehensive.py::TestEnhancedOracleOptionsPipeline::test_symbol_analysis ERROR [ 35%]\ntests/integration/test_enhanced_pipeline_comprehensive.py::TestEnhancedOracleOptionsPipeline::test_opportunity_score_calculation ERROR [ 36%]\ntests/integration/test_enhanced_pipeline_comprehensive.py::TestEnhancedOracleOptionsPipeline::test_kelly_position_sizing ERROR [ 37%]\ntests/integration/test_enhanced_pipeline_comprehensive.py::TestEnhancedOracleOptionsPipeline::test_option_price_estimation ERROR [ 38%]\ntests/integration/test_enhanced_pipeline_comprehensive.py::TestEnhancedOracleOptionsPipeline::test_market_scan ERROR [ 40%]\ntests/integration/test_enhanced_pipeline_comprehensive.py::TestEnhancedOracleOptionsPipeline::test_performance_tracking ERROR [ 41%]\ntests/integration/test_enhanced_pipeline_comprehensive.py::TestEnhancedOracleOptionsPipeline::test_error_handling ERROR [ 42%]\ntests/integration/test_enhanced_pipeline_comprehensive.py::TestEnhancedOracleOptionsPipeline::test_pipeline_shutdown ERROR [ 43%]\ntests/integration/test_enhanced_pipeline_comprehensive.py::TestFactoryFunction::test_create_enhanced_pipeline_default FAILED [ 44%]\ntests/integration/test_enhanced_pipeline_comprehensive.py::TestFactoryFunction::test_create_enhanced_pipeline_custom_config FAILED [ 45%]\ntests/integration/test_enhanced_pipeline_comprehensive.py::TestIntegration::test_full_pipeline_flow FAILED [ 47%]\ntests/integration/test_enhanced_pipeline_comprehensive.py::TestIntegration::test_stress_testing FAILED [ 48%]\ntests/integration/test_fallback_integration.py::test_real_world_fallback_scenario PASSED [ 49%]\ntests/integration/test_final_integration.py::test_main_pipeline_integration PASSED [ 50%]\ntests/integration/test_final_integration.py::test_sentiment_data_quality PASSED [ 51%]\ntests/integration/test_final_integration.py::test_error_handling PASSED  [ 52%]\ntests/integration/test_finvizfinance_comprehensive.py::test_sector_performance PASSED [ 54%]\ntests/integration/test_finvizfinance_comprehensive.py::test_market_breadth PASSED [ 55%]\ntests/integration/test_finvizfinance_comprehensive.py::test_news PASSED  [ 56%]\ntests/integration/test_finvizfinance_comprehensive.py::test_insider_trading PASSED [ 57%]\ntests/integration/test_finvizfinance_comprehensive.py::test_earnings PASSED [ 58%]\ntests/integration/test_finvizfinance_comprehensive.py::test_forex PASSED [ 60%]\ntests/integration/test_finvizfinance_comprehensive.py::test_crypto PASSED [ 61%]\ntests/integration/test_integration_options_pipeline.py::TestEndToEndIntegration::test_complete_analysis_workflow FAILED [ 62%]\ntests/integration/test_integration_options_pipeline.py::TestEndToEndIntegration::test_prediction_model_integration FAILED [ 63%]\ntests/integration/test_integration_options_pipeline.py::TestEndToEndIntegration::test_valuation_engine_integration FAILED [ 64%]\ntests/integration/test_integration_options_pipeline.py::TestPerformanceValidation::test_cache_effectiveness FAILED [ 65%]\ntests/integration/test_integration_options_pipeline.py::TestPerformanceValidation::test_market_scan_performance FAILED [ 67%]\ntests/integration/test_integration_options_pipeline.py::TestPerformanceValidation::test_single_ticker_performance FAILED [ 68%]\ntests/integration/test_integration_options_pipeline.py::TestFunctionalityValidation::test_aggressive_configuration FAILED [ 69%]\ntests/integration/test_integration_options_pipeline.py::TestFunctionalityValidation::test_conservative_configuration FAILED [ 70%]\ntests/integration/test_integration_options_pipeline.py::TestFunctionalityValidation::test_different_option_strategies FAILED [ 71%]\ntests/integration/test_integration_options_pipeline.py::TestDataIntegrity::test_option_contract_validation PASSED [ 72%]\ntests/integration/test_integration_options_pipeline.py::TestDataIntegrity::test_recommendation_data_integrity PASSED [ 74%]\ntests/integration/test_integration_options_pipeline.py::TestErrorHandlingAndEdgeCases::test_concurrent_analysis_safety FAILED [ 75%]\ntests/integration/test_integration_options_pipeline.py::TestErrorHandlingAndEdgeCases::test_extreme_values_handling PASSED [ 76%]\ntests/integration/test_integration_options_pipeline.py::TestErrorHandlingAndEdgeCases::test_invalid_option_handling FAILED [ 77%]\ntests/integration/test_integration_options_pipeline.py::TestErrorHandlingAndEdgeCases::test_no_market_data_handling FAILED [ 78%]\ntests/integration/test_integration_options_pipeline.py::TestCLIIntegration::test_cli_analyze_command FAILED [ 80%]\ntests/integration/test_integration_options_pipeline.py::TestCLIIntegration::test_cli_monitor_command FAILED [ 81%]\ntests/integration/test_integration_options_pipeline.py::TestCLIIntegration::test_cli_scan_command FAILED [ 82%]\ntests/integration/test_ml_sentiment_integration.py::test_ml_sentiment_integration_fixed PASSED [ 83%]\ntests/integration/test_ml_trading_integration.py::test_ml_trading_integration PASSED [ 84%]\ntests/integration/test_ml_trading_integration.py::test_signal_generation_edge_cases PASSED [ 85%]\ntests/integration/test_ml_trading_integration.py::test_ml_config_validation PASSED [ 87%]\ntests/integration/test_ml_trading_integration.py::test_ml_integration_without_ml PASSED [ 88%]\ntests/integration/test_news_adapters_comprehensive.py::test_reuters_adapter PASSED [ 89%]\ntests/integration/test_news_adapters_comprehensive.py::test_all_news_adapters PASSED [ 90%]\ntests/integration/test_orchestrator_rss_integration.py::test_orchestrator_rss_integration PASSED [ 91%]\ntests/integration/test_phase2_comprehensive.py::test_phase2_system_availability PASSED [ 92%]\ntests/integration/test_phase2_comprehensive.py::test_advanced_feature_engineering PASSED [ 94%]\ntests/integration/test_phase2_comprehensive.py::test_meta_learning_system PASSED [ 95%]\ntests/integration/test_phase2_comprehensive.py::test_realtime_learning_engine PASSED [ 96%]\ntests/integration/test_phase2_comprehensive.py::test_ml_diagnostics_system PASSED [ 97%]\ntests/integration/test_phase2_comprehensive.py::test_enhanced_neural_network PASSED [ 98%]\ntests/integration/test_phase2_comprehensive.py::test_integration_with_ensemble PASSED [100%]\n\n==================================== ERRORS ====================================\n_ ERROR at setup of TestEnhancedOracleOptionsPipeline.test_safe_mode_initialization _\ntests/integration/test_enhanced_pipeline_comprehensive.py:302: in pipeline\n    return EnhancedOracleOptionsPipeline(pipeline_config)\n           ^^^^^^^^^^^^^^^^^^^^^^^^^^^^^^^^^^^^^^^^^^^^^^\noracle_options_pipeline.py:1569: in __init__\n    super().__init__(base_config)\noracle_options_pipeline.py:315: in __init__\n    self.valuation_engine = OptionsValuationEngine(\n                            ^^^^^^^^^^^^^^^^^^^^^^\nE   NameError: name 'OptionsValuationEngine' is not defined\n------------------------------ Captured log setup ------------------------------\nERROR    oracle_options_pipeline:oracle_options_pipeline.py:356 DataFeedOrchestrator initialization failed: name 'DataFeedOrchestrator' is not defined - using stub\n_ ERROR at setup of TestEnhancedOracleOptionsPipeline.test_mock_data_generation _\ntests/integration/test_enhanced_pipeline_comprehensive.py:302: in pipeline\n    return EnhancedOracleOptionsPipeline(pipeline_config)\n           ^^^^^^^^^^^^^^^^^^^^^^^^^^^^^^^^^^^^^^^^^^^^^^\noracle_options_pipeline.py:1569: in __init__\n    super().__init__(base_config)\noracle_options_pipeline.py:315: in __init__\n    self.valuation_engine = OptionsValuationEngine(\n                            ^^^^^^^^^^^^^^^^^^^^^^\nE   NameError: name 'OptionsValuationEngine' is not defined\n------------------------------ Captured log setup ------------------------------\nERROR    oracle_options_pipeline:oracle_options_pipeline.py:356 DataFeedOrchestrator initialization failed: name 'DataFeedOrchestrator' is not defined - using stub\n___ ERROR at setup of TestEnhancedOracleOptionsPipeline.test_symbol_analysis ___\ntests/integration/test_enhanced_pipeline_comprehensive.py:302: in pipeline\n    return EnhancedOracleOptionsPipeline(pipeline_config)\n           ^^^^^^^^^^^^^^^^^^^^^^^^^^^^^^^^^^^^^^^^^^^^^^\noracle_options_pipeline.py:1569: in __init__\n    super().__init__(base_config)\noracle_options_pipeline.py:315: in __init__\n    self.valuation_engine = OptionsValuationEngine(\n                            ^^^^^^^^^^^^^^^^^^^^^^\nE   NameError: name 'OptionsValuationEngine' is not defined\n------------------------------ Captured log setup ------------------------------\nERROR    oracle_options_pipeline:oracle_options_pipeline.py:356 DataFeedOrchestrator initialization failed: name 'DataFeedOrchestrator' is not defined - using stub\n_ ERROR at setup of TestEnhancedOracleOptionsPipeline.test_opportunity_score_calculation _\ntests/integration/test_enhanced_pipeline_comprehensive.py:302: in pipeline\n    return EnhancedOracleOptionsPipeline(pipeline_config)\n           ^^^^^^^^^^^^^^^^^^^^^^^^^^^^^^^^^^^^^^^^^^^^^^\noracle_options_pipeline.py:1569: in __init__\n    super().__init__(base_config)\noracle_options_pipeline.py:315: in __init__\n    self.valuation_engine = OptionsValuationEngine(\n                            ^^^^^^^^^^^^^^^^^^^^^^\nE   NameError: name 'OptionsValuationEngine' is not defined\n------------------------------ Captured log setup ------------------------------\nERROR    oracle_options_pipeline:oracle_options_pipeline.py:356 DataFeedOrchestrator initialization failed: name 'DataFeedOrchestrator' is not defined - using stub\n_ ERROR at setup of TestEnhancedOracleOptionsPipeline.test_kelly_position_sizing _\ntests/integration/test_enhanced_pipeline_comprehensive.py:302: in pipeline\n    return EnhancedOracleOptionsPipeline(pipeline_config)\n           ^^^^^^^^^^^^^^^^^^^^^^^^^^^^^^^^^^^^^^^^^^^^^^\noracle_options_pipeline.py:1569: in __init__\n    super().__init__(base_config)\noracle_options_pipeline.py:315: in __init__\n    self.valuation_engine = OptionsValuationEngine(\n                            ^^^^^^^^^^^^^^^^^^^^^^\nE   NameError: name 'OptionsValuationEngine' is not defined\n------------------------------ Captured log setup ------------------------------\nERROR    oracle_options_pipeline:oracle_options_pipeline.py:356 DataFeedOrchestrator initialization failed: name 'DataFeedOrchestrator' is not defined - using stub\n_ ERROR at setup of TestEnhancedOracleOptionsPipeline.test_option_price_estimation _\ntests/integration/test_enhanced_pipeline_comprehensive.py:302: in pipeline\n    return EnhancedOracleOptionsPipeline(pipeline_config)\n           ^^^^^^^^^^^^^^^^^^^^^^^^^^^^^^^^^^^^^^^^^^^^^^\noracle_options_pipeline.py:1569: in __init__\n    super().__init__(base_config)\noracle_options_pipeline.py:315: in __init__\n    self.valuation_engine = OptionsValuationEngine(\n                            ^^^^^^^^^^^^^^^^^^^^^^\nE   NameError: name 'OptionsValuationEngine' is not defined\n------------------------------ Captured log setup ------------------------------\nERROR    oracle_options_pipeline:oracle_options_pipeline.py:356 DataFeedOrchestrator initialization failed: name 'DataFeedOrchestrator' is not defined - using stub\n_____ ERROR at setup of TestEnhancedOracleOptionsPipeline.test_market_scan _____\ntests/integration/test_enhanced_pipeline_comprehensive.py:302: in pipeline\n    return EnhancedOracleOptionsPipeline(pipeline_config)\n           ^^^^^^^^^^^^^^^^^^^^^^^^^^^^^^^^^^^^^^^^^^^^^^\noracle_options_pipeline.py:1569: in __init__\n    super().__init__(base_config)\noracle_options_pipeline.py:315: in __init__\n    self.valuation_engine = OptionsValuationEngine(\n                            ^^^^^^^^^^^^^^^^^^^^^^\nE   NameError: name 'OptionsValuationEngine' is not defined\n------------------------------ Captured log setup ------------------------------\nERROR    oracle_options_pipeline:oracle_options_pipeline.py:356 DataFeedOrchestrator initialization failed: name 'DataFeedOrchestrator' is not defined - using stub\n_ ERROR at setup of TestEnhancedOracleOptionsPipeline.test_performance_tracking _\ntests/integration/test_enhanced_pipeline_comprehensive.py:302: in pipeline\n    return EnhancedOracleOptionsPipeline(pipeline_config)\n           ^^^^^^^^^^^^^^^^^^^^^^^^^^^^^^^^^^^^^^^^^^^^^^\noracle_options_pipeline.py:1569: in __init__\n    super().__init__(base_config)\noracle_options_pipeline.py:315: in __init__\n    self.valuation_engine = OptionsValuationEngine(\n                            ^^^^^^^^^^^^^^^^^^^^^^\nE   NameError: name 'OptionsValuationEngine' is not defined\n------------------------------ Captured log setup ------------------------------\nERROR    oracle_options_pipeline:oracle_options_pipeline.py:356 DataFeedOrchestrator initialization failed: name 'DataFeedOrchestrator' is not defined - using stub\n___ ERROR at setup of TestEnhancedOracleOptionsPipeline.test_error_handling ____\ntests/integration/test_enhanced_pipeline_comprehensive.py:302: in pipeline\n    return EnhancedOracleOptionsPipeline(pipeline_config)\n           ^^^^^^^^^^^^^^^^^^^^^^^^^^^^^^^^^^^^^^^^^^^^^^\noracle_options_pipeline.py:1569: in __init__\n    super().__init__(base_config)\noracle_options_pipeline.py:315: in __init__\n    self.valuation_engine = OptionsValuationEngine(\n                            ^^^^^^^^^^^^^^^^^^^^^^\nE   NameError: name 'OptionsValuationEngine' is not defined\n------------------------------ Captured log setup ------------------------------\nERROR    oracle_options_pipeline:oracle_options_pipeline.py:356 DataFeedOrchestrator initialization failed: name 'DataFeedOrchestrator' is not defined - using stub\n__ ERROR at setup of TestEnhancedOracleOptionsPipeline.test_pipeline_shutdown __\ntests/integration/test_enhanced_pipeline_comprehensive.py:302: in pipeline\n    return EnhancedOracleOptionsPipeline(pipeline_config)\n           ^^^^^^^^^^^^^^^^^^^^^^^^^^^^^^^^^^^^^^^^^^^^^^\noracle_options_pipeline.py:1569: in __init__\n    super().__init__(base_config)\noracle_options_pipeline.py:315: in __init__\n    self.valuation_engine = OptionsValuationEngine(\n                            ^^^^^^^^^^^^^^^^^^^^^^\nE   NameError: name 'OptionsValuationEngine' is not defined\n------------------------------ Captured log setup ------------------------------\nERROR    oracle_options_pipeline:oracle_options_pipeline.py:356 DataFeedOrchestrator initialization failed: name 'DataFeedOrchestrator' is not defined - using stub\n=================================== FAILURES ===================================\n________________ TestEnhancedFeatureEngine.test_rsi_calculation ________________\ntests/integration/test_enhanced_pipeline_comprehensive.py:118: in test_rsi_calculation\n    assert rsi is not None\nE   assert None is not None\n_________________ TestEnhancedFeatureEngine.test_risk_metrics __________________\ntests/integration/test_enhanced_pipeline_comprehensive.py:180: in test_risk_metrics\n    assert var_1d is not None\nE   assert None is not None\n__________ TestFactoryFunction.test_create_enhanced_pipeline_default ___________\ntests/integration/test_enhanced_pipeline_comprehensive.py:486: in test_create_enhanced_pipeline_default\n    pipeline = create_enhanced_pipeline()\n               ^^^^^^^^^^^^^^^^^^^^^^^^^^\noracle_options_pipeline.py:2292: in create_enhanced_pipeline\n    return EnhancedOracleOptionsPipeline(enhanced_config)\n           ^^^^^^^^^^^^^^^^^^^^^^^^^^^^^^^^^^^^^^^^^^^^^^\noracle_options_pipeline.py:1569: in __init__\n    super().__init__(base_config)\noracle_options_pipeline.py:315: in __init__\n    self.valuation_engine = OptionsValuationEngine(\n                            ^^^^^^^^^^^^^^^^^^^^^^\nE   NameError: name 'OptionsValuationEngine' is not defined\n------------------------------ Captured log call -------------------------------\nERROR    oracle_options_pipeline:oracle_options_pipeline.py:356 DataFeedOrchestrator initialization failed: name 'DataFeedOrchestrator' is not defined - using stub\n_______ TestFactoryFunction.test_create_enhanced_pipeline_custom_config ________\ntests/integration/test_enhanced_pipeline_comprehensive.py:499: in test_create_enhanced_pipeline_custom_config\n    pipeline = create_enhanced_pipeline(config)\n               ^^^^^^^^^^^^^^^^^^^^^^^^^^^^^^^^\noracle_options_pipeline.py:2292: in create_enhanced_pipeline\n    return EnhancedOracleOptionsPipeline(enhanced_config)\n           ^^^^^^^^^^^^^^^^^^^^^^^^^^^^^^^^^^^^^^^^^^^^^^\noracle_options_pipeline.py:1569: in __init__\n    super().__init__(base_config)\noracle_options_pipeline.py:315: in __init__\n    self.valuation_engine = OptionsValuationEngine(\n                            ^^^^^^^^^^^^^^^^^^^^^^\nE   NameError: name 'OptionsValuationEngine' is not defined\n------------------------------ Captured log call -------------------------------\nWARNING  oracle_options_pipeline:oracle_options_pipeline.py:336 Safe mode enabled: using stub orchestrator\n___________________ TestIntegration.test_full_pipeline_flow ____________________\ntests/integration/test_enhanced_pipeline_comprehensive.py:519: in test_full_pipeline_flow\n    pipeline = create_enhanced_pipeline(config)\n               ^^^^^^^^^^^^^^^^^^^^^^^^^^^^^^^^\noracle_options_pipeline.py:2292: in create_enhanced_pipeline\n    return EnhancedOracleOptionsPipeline(enhanced_config)\n           ^^^^^^^^^^^^^^^^^^^^^^^^^^^^^^^^^^^^^^^^^^^^^^\noracle_options_pipeline.py:1569: in __init__\n    super().__init__(base_config)\noracle_options_pipeline.py:315: in __init__\n    self.valuation_engine = OptionsValuationEngine(\n                            ^^^^^^^^^^^^^^^^^^^^^^\nE   NameError: name 'OptionsValuationEngine' is not defined\n------------------------------ Captured log call -------------------------------\nERROR    oracle_options_pipeline:oracle_options_pipeline.py:356 DataFeedOrchestrator initialization failed: name 'DataFeedOrchestrator' is not defined - using stub\n_____________________ TestIntegration.test_stress_testing ______________________\ntests/integration/test_enhanced_pipeline_comprehensive.py:540: in test_stress_testing\n    pipeline = create_enhanced_pipeline({\noracle_options_pipeline.py:2292: in create_enhanced_pipeline\n    return EnhancedOracleOptionsPipeline(enhanced_config)\n           ^^^^^^^^^^^^^^^^^^^^^^^^^^^^^^^^^^^^^^^^^^^^^^\noracle_options_pipeline.py:1569: in __init__\n    super().__init__(base_config)\noracle_options_pipeline.py:315: in __init__\n    self.valuation_engine = OptionsValuationEngine(\n                            ^^^^^^^^^^^^^^^^^^^^^^\nE   NameError: name 'OptionsValuationEngine' is not defined\n------------------------------ Captured log call -------------------------------\nERROR    oracle_options_pipeline:oracle_options_pipeline.py:356 DataFeedOrchestrator initialization failed: name 'DataFeedOrchestrator' is not defined - using stub\n___________ TestEndToEndIntegration.test_complete_analysis_workflow ____________\ntests/integration/test_integration_options_pipeline.py:63: in setUp\n    self.pipeline = create_pipeline({\noracle_options_pipeline.py:792: in create_pipeline\n    return OracleOptionsPipeline(pipeline_config)\n           ^^^^^^^^^^^^^^^^^^^^^^^^^^^^^^^^^^^^^^\noracle_options_pipeline.py:382: in __init__\n    super().__init__(self.config)\noracle_options_pipeline.py:315: in __init__\n    self.valuation_engine = OptionsValuationEngine(\n                            ^^^^^^^^^^^^^^^^^^^^^^\nE   NameError: name 'OptionsValuationEngine' is not defined\n------------------------------ Captured log call -------------------------------\nERROR    oracle_options_pipeline:oracle_options_pipeline.py:356 DataFeedOrchestrator initialization failed: name 'DataFeedOrchestrator' is not defined - using stub\n__________ TestEndToEndIntegration.test_prediction_model_integration ___________\ntests/integration/test_integration_options_pipeline.py:63: in setUp\n    self.pipeline = create_pipeline({\noracle_options_pipeline.py:792: in create_pipeline\n    return OracleOptionsPipeline(pipeline_config)\n           ^^^^^^^^^^^^^^^^^^^^^^^^^^^^^^^^^^^^^^\noracle_options_pipeline.py:382: in __init__\n    super().__init__(self.config)\noracle_options_pipeline.py:315: in __init__\n    self.valuation_engine = OptionsValuationEngine(\n                            ^^^^^^^^^^^^^^^^^^^^^^\nE   NameError: name 'OptionsValuationEngine' is not defined\n------------------------------ Captured log call -------------------------------\nERROR    oracle_options_pipeline:oracle_options_pipeline.py:356 DataFeedOrchestrator initialization failed: name 'DataFeedOrchestrator' is not defined - using stub\n__________ TestEndToEndIntegration.test_valuation_engine_integration ___________\ntests/integration/test_integration_options_pipeline.py:63: in setUp\n    self.pipeline = create_pipeline({\noracle_options_pipeline.py:792: in create_pipeline\n    return OracleOptionsPipeline(pipeline_config)\n           ^^^^^^^^^^^^^^^^^^^^^^^^^^^^^^^^^^^^^^\noracle_options_pipeline.py:382: in __init__\n    super().__init__(self.config)\noracle_options_pipeline.py:315: in __init__\n    self.valuation_engine = OptionsValuationEngine(\n                            ^^^^^^^^^^^^^^^^^^^^^^\nE   NameError: name 'OptionsValuationEngine' is not defined\n------------------------------ Captured log call -------------------------------\nERROR    oracle_options_pipeline:oracle_options_pipeline.py:356 DataFeedOrchestrator initialization failed: name 'DataFeedOrchestrator' is not defined - using stub\n______________ TestPerformanceValidation.test_cache_effectiveness ______________\ntests/integration/test_integration_options_pipeline.py:213: in setUp\n    self.pipeline = create_pipeline()\n                    ^^^^^^^^^^^^^^^^^\noracle_options_pipeline.py:792: in create_pipeline\n    return OracleOptionsPipeline(pipeline_config)\n           ^^^^^^^^^^^^^^^^^^^^^^^^^^^^^^^^^^^^^^\noracle_options_pipeline.py:382: in __init__\n    super().__init__(self.config)\noracle_options_pipeline.py:315: in __init__\n    self.valuation_engine = OptionsValuationEngine(\n                            ^^^^^^^^^^^^^^^^^^^^^^\nE   NameError: name 'OptionsValuationEngine' is not defined\n------------------------------ Captured log call -------------------------------\nERROR    oracle_options_pipeline:oracle_options_pipeline.py:356 DataFeedOrchestrator initialization failed: name 'DataFeedOrchestrator' is not defined - using stub\n____________ TestPerformanceValidation.test_market_scan_performance ____________\ntests/integration/test_integration_options_pipeline.py:213: in setUp\n    self.pipeline = create_pipeline()\n                    ^^^^^^^^^^^^^^^^^\noracle_options_pipeline.py:792: in create_pipeline\n    return OracleOptionsPipeline(pipeline_config)\n           ^^^^^^^^^^^^^^^^^^^^^^^^^^^^^^^^^^^^^^\noracle_options_pipeline.py:382: in __init__\n    super().__init__(self.config)\noracle_options_pipeline.py:315: in __init__\n    self.valuation_engine = OptionsValuationEngine(\n                            ^^^^^^^^^^^^^^^^^^^^^^\nE   NameError: name 'OptionsValuationEngine' is not defined\n------------------------------ Captured log call -------------------------------\nERROR    oracle_options_pipeline:oracle_options_pipeline.py:356 DataFeedOrchestrator initialization failed: name 'DataFeedOrchestrator' is not defined - using stub\n___________ TestPerformanceValidation.test_single_ticker_performance ___________\ntests/integration/test_integration_options_pipeline.py:213: in setUp\n    self.pipeline = create_pipeline()\n                    ^^^^^^^^^^^^^^^^^\noracle_options_pipeline.py:792: in create_pipeline\n    return OracleOptionsPipeline(pipeline_config)\n           ^^^^^^^^^^^^^^^^^^^^^^^^^^^^^^^^^^^^^^\noracle_options_pipeline.py:382: in __init__\n    super().__init__(self.config)\noracle_options_pipeline.py:315: in __init__\n    self.valuation_engine = OptionsValuationEngine(\n                            ^^^^^^^^^^^^^^^^^^^^^^\nE   NameError: name 'OptionsValuationEngine' is not defined\n------------------------------ Captured log call -------------------------------\nERROR    oracle_options_pipeline:oracle_options_pipeline.py:356 DataFeedOrchestrator initialization failed: name 'DataFeedOrchestrator' is not defined - using stub\n__________ TestFunctionalityValidation.test_aggressive_configuration ___________\ntests/integration/test_integration_options_pipeline.py:337: in test_aggressive_configuration\n    pipeline = create_pipeline(config)\n               ^^^^^^^^^^^^^^^^^^^^^^^\noracle_options_pipeline.py:792: in create_pipeline\n    return OracleOptionsPipeline(pipeline_config)\n           ^^^^^^^^^^^^^^^^^^^^^^^^^^^^^^^^^^^^^^\noracle_options_pipeline.py:382: in __init__\n    super().__init__(self.config)\noracle_options_pipeline.py:315: in __init__\n    self.valuation_engine = OptionsValuationEngine(\n                            ^^^^^^^^^^^^^^^^^^^^^^\nE   NameError: name 'OptionsValuationEngine' is not defined\n------------------------------ Captured log call -------------------------------\nERROR    oracle_options_pipeline:oracle_options_pipeline.py:356 DataFeedOrchestrator initialization failed: name 'DataFeedOrchestrator' is not defined - using stub\n_________ TestFunctionalityValidation.test_conservative_configuration __________\ntests/integration/test_integration_options_pipeline.py:304: in test_conservative_configuration\n    'preferred_strategies': [OptionStrategy.COVERED_CALL, OptionStrategy.CASH_SECURED_PUT]\n                             ^^^^^^^^^^^^^^^^^^^^^^^^^^^\nE   AttributeError: type object 'OptionStrategy' has no attribute 'COVERED_CALL'\n_________ TestFunctionalityValidation.test_different_option_strategies _________\ntests/integration/test_integration_options_pipeline.py:358: in test_different_option_strategies\n    pipeline = create_pipeline()\n               ^^^^^^^^^^^^^^^^^\noracle_options_pipeline.py:792: in create_pipeline\n    return OracleOptionsPipeline(pipeline_config)\n           ^^^^^^^^^^^^^^^^^^^^^^^^^^^^^^^^^^^^^^\noracle_options_pipeline.py:382: in __init__\n    super().__init__(self.config)\noracle_options_pipeline.py:315: in __init__\n    self.valuation_engine = OptionsValuationEngine(\n                            ^^^^^^^^^^^^^^^^^^^^^^\nE   NameError: name 'OptionsValuationEngine' is not defined\n------------------------------ Captured log call -------------------------------\nERROR    oracle_options_pipeline:oracle_options_pipeline.py:356 DataFeedOrchestrator initialization failed: name 'DataFeedOrchestrator' is not defined - using stub\n________ TestErrorHandlingAndEdgeCases.test_concurrent_analysis_safety _________\ntests/integration/test_integration_options_pipeline.py:528: in test_concurrent_analysis_safety\n    pipeline = create_pipeline()\n               ^^^^^^^^^^^^^^^^^\noracle_options_pipeline.py:792: in create_pipeline\n    return OracleOptionsPipeline(pipeline_config)\n           ^^^^^^^^^^^^^^^^^^^^^^^^^^^^^^^^^^^^^^\noracle_options_pipeline.py:382: in __init__\n    super().__init__(self.config)\noracle_options_pipeline.py:315: in __init__\n    self.valuation_engine = OptionsValuationEngine(\n                            ^^^^^^^^^^^^^^^^^^^^^^\nE   NameError: name 'OptionsValuationEngine' is not defined\n------------------------------ Captured log call -------------------------------\nERROR    oracle_options_pipeline:oracle_options_pipeline.py:356 DataFeedOrchestrator initialization failed: name 'DataFeedOrchestrator' is not defined - using stub\n__________ TestErrorHandlingAndEdgeCases.test_invalid_option_handling __________\ntests/integration/test_integration_options_pipeline.py:484: in test_invalid_option_handling\n    pipeline = create_pipeline()\n               ^^^^^^^^^^^^^^^^^\noracle_options_pipeline.py:792: in create_pipeline\n    return OracleOptionsPipeline(pipeline_config)\n           ^^^^^^^^^^^^^^^^^^^^^^^^^^^^^^^^^^^^^^\noracle_options_pipeline.py:382: in __init__\n    super().__init__(self.config)\noracle_options_pipeline.py:315: in __init__\n    self.valuation_engine = OptionsValuationEngine(\n                            ^^^^^^^^^^^^^^^^^^^^^^\nE   NameError: name 'OptionsValuationEngine' is not defined\n------------------------------ Captured log call -------------------------------\nERROR    oracle_options_pipeline:oracle_options_pipeline.py:356 DataFeedOrchestrator initialization failed: name 'DataFeedOrchestrator' is not defined - using stub\n__________ TestErrorHandlingAndEdgeCases.test_no_market_data_handling __________\ntests/integration/test_integration_options_pipeline.py:471: in test_no_market_data_handling\n    pipeline = create_pipeline()\n               ^^^^^^^^^^^^^^^^^\noracle_options_pipeline.py:792: in create_pipeline\n    return OracleOptionsPipeline(pipeline_config)\n           ^^^^^^^^^^^^^^^^^^^^^^^^^^^^^^^^^^^^^^\noracle_options_pipeline.py:382: in __init__\n    super().__init__(self.config)\noracle_options_pipeline.py:315: in __init__\n    self.valuation_engine = OptionsValuationEngine(\n                            ^^^^^^^^^^^^^^^^^^^^^^\nE   NameError: name 'OptionsValuationEngine' is not defined\n------------------------------ Captured log call -------------------------------\nERROR    oracle_options_pipeline:oracle_options_pipeline.py:356 DataFeedOrchestrator initialization failed: name 'DataFeedOrchestrator' is not defined - using stub\n_________________ TestCLIIntegration.test_cli_analyze_command __________________\ntests/integration/test_integration_options_pipeline.py:559: in test_cli_analyze_command\n    pipeline = create_pipeline()\n               ^^^^^^^^^^^^^^^^^\noracle_options_pipeline.py:792: in create_pipeline\n    return OracleOptionsPipeline(pipeline_config)\n           ^^^^^^^^^^^^^^^^^^^^^^^^^^^^^^^^^^^^^^\noracle_options_pipeline.py:382: in __init__\n    super().__init__(self.config)\noracle_options_pipeline.py:315: in __init__\n    self.valuation_engine = OptionsValuationEngine(\n                            ^^^^^^^^^^^^^^^^^^^^^^\nE   NameError: name 'OptionsValuationEngine' is not defined\n------------------------------ Captured log call -------------------------------\nERROR    oracle_options_pipeline:oracle_options_pipeline.py:356 DataFeedOrchestrator initialization failed: name 'DataFeedOrchestrator' is not defined - using stub\n_________________ TestCLIIntegration.test_cli_monitor_command __________________\ntests/integration/test_integration_options_pipeline.py:595: in test_cli_monitor_command\n    pipeline = create_pipeline()\n               ^^^^^^^^^^^^^^^^^\noracle_options_pipeline.py:792: in create_pipeline\n    return OracleOptionsPipeline(pipeline_config)\n           ^^^^^^^^^^^^^^^^^^^^^^^^^^^^^^^^^^^^^^\noracle_options_pipeline.py:382: in __init__\n    super().__init__(self.config)\noracle_options_pipeline.py:315: in __init__\n    self.valuation_engine = OptionsValuationEngine(\n                            ^^^^^^^^^^^^^^^^^^^^^^\nE   NameError: name 'OptionsValuationEngine' is not defined\n------------------------------ Captured log call -------------------------------\nERROR    oracle_options_pipeline:oracle_options_pipeline.py:356 DataFeedOrchestrator initialization failed: name 'DataFeedOrchestrator' is not defined - using stub\n___________________ TestCLIIntegration.test_cli_scan_command ___________________\n../../../.pyenv/versions/3.12.11/lib/python3.12/unittest/mock.py:1393: in patched\n    with self.decoration_helper(patched,\n../../../.pyenv/versions/3.12.11/lib/python3.12/contextlib.py:137: in __enter__\n    return next(self.gen)\n           ^^^^^^^^^^^^^^\n../../../.pyenv/versions/3.12.11/lib/python3.12/unittest/mock.py:1375: in decoration_helper\n    arg = exit_stack.enter_context(patching)\n          ^^^^^^^^^^^^^^^^^^^^^^^^^^^^^^^^^^\n../../../.pyenv/versions/3.12.11/lib/python3.12/contextlib.py:526: in enter_context\n    result = _enter(cm)\n             ^^^^^^^^^^\n../../../.pyenv/versions/3.12.11/lib/python3.12/unittest/mock.py:1467: in __enter__\n    original, local = self.get_original()\n                      ^^^^^^^^^^^^^^^^^^^\n../../../.pyenv/versions/3.12.11/lib/python3.12/unittest/mock.py:1437: in get_original\n    raise AttributeError(\nE   AttributeError: <class 'oracle_options_pipeline.OracleOptionsPipeline'> does not have the attribute 'scan_market'\n=============================== warnings summary ===============================\ntests/integration/test_comprehensive_fmp_integration.py::test_comprehensive_fmp_integration\n  /Users/omar/.pyenv/versions/3.12.11/lib/python3.12/site-packages/_pytest/python.py:161: PytestReturnNotNoneWarning: Test functions should return None, but tests/integration/test_comprehensive_fmp_integration.py::test_comprehensive_fmp_integration returned <class 'bool'>.\n  Did you mean to use `assert` instead of `return`?\n  See https://docs.pytest.org/en/stable/how-to/assert.html#return-not-none for more information.\n    warnings.warn(\n\ntests/integration/test_enhanced_integration.py::test_enhanced_finance_database\n  /Users/omar/.pyenv/versions/3.12.11/lib/python3.12/site-packages/_pytest/python.py:161: PytestReturnNotNoneWarning: Test functions should return None, but tests/integration/test_enhanced_integration.py::test_enhanced_finance_database returned <class 'bool'>.\n  Did you mean to use `assert` instead of `return`?\n  See https://docs.pytest.org/en/stable/how-to/assert.html#return-not-none for more information.\n    warnings.warn(\n\ntests/integration/test_enhanced_integration.py::test_finance_toolkit_integration\n  /Users/omar/.pyenv/versions/3.12.11/lib/python3.12/site-packages/_pytest/python.py:161: PytestReturnNotNoneWarning: Test functions should return None, but tests/integration/test_enhanced_integration.py::test_finance_toolkit_integration returned <class 'bool'>.\n  Did you mean to use `assert` instead of `return`?\n  See https://docs.pytest.org/en/stable/how-to/assert.html#return-not-none for more information.\n    warnings.warn(\n\ntests/integration/test_enhanced_integration.py::test_combined_workflow\n  /Users/omar/.pyenv/versions/3.12.11/lib/python3.12/site-packages/_pytest/python.py:161: PytestReturnNotNoneWarning: Test functions should return None, but tests/integration/test_enhanced_integration.py::test_combined_workflow returned <class 'bool'>.\n  Did you mean to use `assert` instead of `return`?\n  See https://docs.pytest.org/en/stable/how-to/assert.html#return-not-none for more information.\n    warnings.warn(\n\ntests/integration/test_fallback_integration.py::test_real_world_fallback_scenario\n  /Users/omar/.pyenv/versions/3.12.11/lib/python3.12/site-packages/_pytest/python.py:161: PytestReturnNotNoneWarning: Test functions should return None, but tests/integration/test_fallback_integration.py::test_real_world_fallback_scenario returned <class 'bool'>.\n  Did you mean to use `assert` instead of `return`?\n  See https://docs.pytest.org/en/stable/how-to/assert.html#return-not-none for more information.\n    warnings.warn(\n\ntests/integration/test_final_integration.py::test_main_pipeline_integration\n  /Users/omar/.pyenv/versions/3.12.11/lib/python3.12/site-packages/_pytest/python.py:161: PytestReturnNotNoneWarning: Test functions should return None, but tests/integration/test_final_integration.py::test_main_pipeline_integration returned <class 'bool'>.\n  Did you mean to use `assert` instead of `return`?\n  See https://docs.pytest.org/en/stable/how-to/assert.html#return-not-none for more information.\n    warnings.warn(\n\ntests/integration/test_final_integration.py::test_sentiment_data_quality\n  /Users/omar/.pyenv/versions/3.12.11/lib/python3.12/site-packages/_pytest/python.py:161: PytestReturnNotNoneWarning: Test functions should return None, but tests/integration/test_final_integration.py::test_sentiment_data_quality returned <class 'bool'>.\n  Did you mean to use `assert` instead of `return`?\n  See https://docs.pytest.org/en/stable/how-to/assert.html#return-not-none for more information.\n    warnings.warn(\n\ntests/integration/test_final_integration.py::test_error_handling\n  /Users/omar/.pyenv/versions/3.12.11/lib/python3.12/site-packages/_pytest/python.py:161: PytestReturnNotNoneWarning: Test functions should return None, but tests/integration/test_final_integration.py::test_error_handling returned <class 'bool'>.\n  Did you mean to use `assert` instead of `return`?\n  See https://docs.pytest.org/en/stable/how-to/assert.html#return-not-none for more information.\n    warnings.warn(\n\ntests/integration/test_finvizfinance_comprehensive.py::test_sector_performance\n  /Users/omar/.pyenv/versions/3.12.11/lib/python3.12/site-packages/_pytest/python.py:161: PytestReturnNotNoneWarning: Test functions should return None, but tests/integration/test_finvizfinance_comprehensive.py::test_sector_performance returned <class 'bool'>.\n  Did you mean to use `assert` instead of `return`?\n  See https://docs.pytest.org/en/stable/how-to/assert.html#return-not-none for more information.\n    warnings.warn(\n\ntests/integration/test_finvizfinance_comprehensive.py::test_market_breadth\n  /Users/omar/.pyenv/versions/3.12.11/lib/python3.12/site-packages/_pytest/python.py:161: PytestReturnNotNoneWarning: Test functions should return None, but tests/integration/test_finvizfinance_comprehensive.py::test_market_breadth returned <class 'bool'>.\n  Did you mean to use `assert` instead of `return`?\n  See https://docs.pytest.org/en/stable/how-to/assert.html#return-not-none for more information.\n    warnings.warn(\n\ntests/integration/test_finvizfinance_comprehensive.py::test_news\n  /Users/omar/.pyenv/versions/3.12.11/lib/python3.12/site-packages/_pytest/python.py:161: PytestReturnNotNoneWarning: Test functions should return None, but tests/integration/test_finvizfinance_comprehensive.py::test_news returned <class 'bool'>.\n  Did you mean to use `assert` instead of `return`?\n  See https://docs.pytest.org/en/stable/how-to/assert.html#return-not-none for more information.\n    warnings.warn(\n\ntests/integration/test_finvizfinance_comprehensive.py::test_insider_trading\n  /Users/omar/.pyenv/versions/3.12.11/lib/python3.12/site-packages/_pytest/python.py:161: PytestReturnNotNoneWarning: Test functions should return None, but tests/integration/test_finvizfinance_comprehensive.py::test_insider_trading returned <class 'bool'>.\n  Did you mean to use `assert` instead of `return`?\n  See https://docs.pytest.org/en/stable/how-to/assert.html#return-not-none for more information.\n    warnings.warn(\n\ntests/integration/test_finvizfinance_comprehensive.py::test_earnings\n  /Users/omar/.pyenv/versions/3.12.11/lib/python3.12/site-packages/_pytest/python.py:161: PytestReturnNotNoneWarning: Test functions should return None, but tests/integration/test_finvizfinance_comprehensive.py::test_earnings returned <class 'bool'>.\n  Did you mean to use `assert` instead of `return`?\n  See https://docs.pytest.org/en/stable/how-to/assert.html#return-not-none for more information.\n    warnings.warn(\n\ntests/integration/test_finvizfinance_comprehensive.py::test_forex\n  /Users/omar/.pyenv/versions/3.12.11/lib/python3.12/site-packages/_pytest/python.py:161: PytestReturnNotNoneWarning: Test functions should return None, but tests/integration/test_finvizfinance_comprehensive.py::test_forex returned <class 'bool'>.\n  Did you mean to use `assert` instead of `return`?\n  See https://docs.pytest.org/en/stable/how-to/assert.html#return-not-none for more information.\n    warnings.warn(\n\ntests/integration/test_finvizfinance_comprehensive.py::test_crypto\n  /Users/omar/.pyenv/versions/3.12.11/lib/python3.12/site-packages/_pytest/python.py:161: PytestReturnNotNoneWarning: Test functions should return None, but tests/integration/test_finvizfinance_comprehensive.py::test_crypto returned <class 'bool'>.\n  Did you mean to use `assert` instead of `return`?\n  See https://docs.pytest.org/en/stable/how-to/assert.html#return-not-none for more information.\n    warnings.warn(\n\ntests/integration/test_ml_sentiment_integration.py: 100 warnings\n  /Users/omar/.pyenv/versions/3.12.11/lib/python3.12/site-packages/sklearn/utils/validation.py:2742: UserWarning: X has feature names, but DecisionTreeRegressor was fitted without feature names\n    warnings.warn(\n\ntests/integration/test_ml_trading_integration.py::test_signal_generation_edge_cases\n  /Users/omar/.pyenv/versions/3.12.11/lib/python3.12/site-packages/_pytest/python.py:161: PytestReturnNotNoneWarning: Test functions should return None, but tests/integration/test_ml_trading_integration.py::test_signal_generation_edge_cases returned <class 'bool'>.\n  Did you mean to use `assert` instead of `return`?\n  See https://docs.pytest.org/en/stable/how-to/assert.html#return-not-none for more information.\n    warnings.warn(\n\ntests/integration/test_ml_trading_integration.py::test_ml_config_validation\n  /Users/omar/.pyenv/versions/3.12.11/lib/python3.12/site-packages/_pytest/python.py:161: PytestReturnNotNoneWarning: Test functions should return None, but tests/integration/test_ml_trading_integration.py::test_ml_config_validation returned <class 'bool'>.\n  Did you mean to use `assert` instead of `return`?\n  See https://docs.pytest.org/en/stable/how-to/assert.html#return-not-none for more information.\n    warnings.warn(\n\ntests/integration/test_ml_trading_integration.py::test_ml_integration_without_ml\n  /Users/omar/.pyenv/versions/3.12.11/lib/python3.12/site-packages/_pytest/python.py:161: PytestReturnNotNoneWarning: Test functions should return None, but tests/integration/test_ml_trading_integration.py::test_ml_integration_without_ml returned <class 'bool'>.\n  Did you mean to use `assert` instead of `return`?\n  See https://docs.pytest.org/en/stable/how-to/assert.html#return-not-none for more information.\n    warnings.warn(\n\ntests/integration/test_orchestrator_rss_integration.py::test_orchestrator_rss_integration\n  /Users/omar/.pyenv/versions/3.12.11/lib/python3.12/site-packages/_pytest/python.py:161: PytestReturnNotNoneWarning: Test functions should return None, but tests/integration/test_orchestrator_rss_integration.py::test_orchestrator_rss_integration returned <class 'bool'>.\n  Did you mean to use `assert` instead of `return`?\n  See https://docs.pytest.org/en/stable/how-to/assert.html#return-not-none for more information.\n    warnings.warn(\n\ntests/integration/test_phase2_comprehensive.py::test_phase2_system_availability\n  /Users/omar/.pyenv/versions/3.12.11/lib/python3.12/site-packages/_pytest/python.py:161: PytestReturnNotNoneWarning: Test functions should return None, but tests/integration/test_phase2_comprehensive.py::test_phase2_system_availability returned <class 'dict'>.\n  Did you mean to use `assert` instead of `return`?\n  See https://docs.pytest.org/en/stable/how-to/assert.html#return-not-none for more information.\n    warnings.warn(\n\ntests/integration/test_phase2_comprehensive.py::test_advanced_feature_engineering\n  /Users/omar/.pyenv/versions/3.12.11/lib/python3.12/site-packages/_pytest/python.py:161: PytestReturnNotNoneWarning: Test functions should return None, but tests/integration/test_phase2_comprehensive.py::test_advanced_feature_engineering returned <class 'bool'>.\n  Did you mean to use `assert` instead of `return`?\n  See https://docs.pytest.org/en/stable/how-to/assert.html#return-not-none for more information.\n    warnings.warn(\n\ntests/integration/test_phase2_comprehensive.py::test_meta_learning_system\ntests/integration/test_phase2_comprehensive.py::test_meta_learning_system\n  /Users/omar/.pyenv/versions/3.12.11/lib/python3.12/site-packages/sklearn/utils/_tags.py:338: DeprecationWarning: The following error was raised: 'DummyModel' object has no attribute '__sklearn_tags__'. It seems that there are no classes that implement `__sklearn_tags__` in the MRO and/or all classes in the MRO call `super().__sklearn_tags__()`. Make sure to inherit from `BaseEstimator` which implements `__sklearn_tags__` (or alternatively define `__sklearn_tags__` but we don't recommend this approach). Note that `BaseEstimator` needs to be on the right side of other Mixins in the inheritance order. The default are now used instead since retrieving tags failed. This warning will be replaced by an error in 1.8.\n    warnings.warn(\n\ntests/integration/test_phase2_comprehensive.py::test_meta_learning_system\n  /Users/omar/.pyenv/versions/3.12.11/lib/python3.12/site-packages/sklearn/utils/_tags.py:338: DeprecationWarning: The following error was raised: 'SimpleEnsemble' object has no attribute '__sklearn_tags__'. It seems that there are no classes that implement `__sklearn_tags__` in the MRO and/or all classes in the MRO call `super().__sklearn_tags__()`. Make sure to inherit from `BaseEstimator` which implements `__sklearn_tags__` (or alternatively define `__sklearn_tags__` but we don't recommend this approach). Note that `BaseEstimator` needs to be on the right side of other Mixins in the inheritance order. The default are now used instead since retrieving tags failed. This warning will be replaced by an error in 1.8.\n    warnings.warn(\n\ntests/integration/test_phase2_comprehensive.py::test_meta_learning_system\n  /Users/omar/.pyenv/versions/3.12.11/lib/python3.12/site-packages/_pytest/python.py:161: PytestReturnNotNoneWarning: Test functions should return None, but tests/integration/test_phase2_comprehensive.py::test_meta_learning_system returned <class 'bool'>.\n  Did you mean to use `assert` instead of `return`?\n  See https://docs.pytest.org/en/stable/how-to/assert.html#return-not-none for more information.\n    warnings.warn(\n\ntests/integration/test_phase2_comprehensive.py::test_realtime_learning_engine\n  /Users/omar/.pyenv/versions/3.12.11/lib/python3.12/site-packages/_pytest/python.py:161: PytestReturnNotNoneWarning: Test functions should return None, but tests/integration/test_phase2_comprehensive.py::test_realtime_learning_engine returned <class 'bool'>.\n  Did you mean to use `assert` instead of `return`?\n  See https://docs.pytest.org/en/stable/how-to/assert.html#return-not-none for more information.\n    warnings.warn(\n\ntests/integration/test_phase2_comprehensive.py::test_ml_diagnostics_system\n  /Users/omar/.pyenv/versions/3.12.11/lib/python3.12/site-packages/_pytest/python.py:161: PytestReturnNotNoneWarning: Test functions should return None, but tests/integration/test_phase2_comprehensive.py::test_ml_diagnostics_system returned <class 'bool'>.\n  Did you mean to use `assert` instead of `return`?\n  See https://docs.pytest.org/en/stable/how-to/assert.html#return-not-none for more information.\n    warnings.warn(\n\ntests/integration/test_phase2_comprehensive.py::test_enhanced_neural_network\n  /Users/omar/.pyenv/versions/3.12.11/lib/python3.12/site-packages/_pytest/python.py:161: PytestReturnNotNoneWarning: Test functions should return None, but tests/integration/test_phase2_comprehensive.py::test_enhanced_neural_network returned <class 'bool'>.\n  Did you mean to use `assert` instead of `return`?\n  See https://docs.pytest.org/en/stable/how-to/assert.html#return-not-none for more information.\n    warnings.warn(\n\ntests/integration/test_phase2_comprehensive.py::test_integration_with_ensemble\n  /Users/omar/.pyenv/versions/3.12.11/lib/python3.12/site-packages/_pytest/python.py:161: PytestReturnNotNoneWarning: Test functions should return None, but tests/integration/test_phase2_comprehensive.py::test_integration_with_ensemble returned <class 'bool'>.\n  Did you mean to use `assert` instead of `return`?\n  See https://docs.pytest.org/en/stable/how-to/assert.html#return-not-none for more information.\n    warnings.warn(\n\n-- Docs: https://docs.pytest.org/en/stable/how-to/capture-warnings.html\n============================= slowest 10 durations =============================\n15.31s call     tests/integration/test_comprehensive_fmp_integration.py::test_comprehensive_fmp_integration\n9.04s call     tests/integration/test_news_adapters_comprehensive.py::test_all_news_adapters\n5.93s call     tests/integration/test_finvizfinance_comprehensive.py::test_earnings\n5.67s call     tests/integration/test_data_feeds_comprehensive.py::test_adapter_wrappers\n5.12s call     tests/integration/test_enhanced_integration.py::test_finance_toolkit_integration\n4.50s call     tests/integration/test_enhanced_integration.py::test_combined_workflow\n4.50s call     tests/integration/test_enhanced_integration.py::test_enhanced_finance_database\n2.31s call     tests/integration/test_data_feeds_comprehensive.py::test_orchestrator_sentiment\n2.29s call     tests/integration/test_ml_sentiment_integration.py::test_ml_sentiment_integration_fixed\n2.11s call     tests/integration/test_orchestrator_rss_integration.py::test_orchestrator_rss_integration\n=========================== short test summary info ============================\nFAILED tests/integration/test_enhanced_pipeline_comprehensive.py::TestEnhancedFeatureEngine::test_rsi_calculation\nFAILED tests/integration/test_enhanced_pipeline_comprehensive.py::TestEnhancedFeatureEngine::test_risk_metrics\nFAILED tests/integration/test_enhanced_pipeline_comprehensive.py::TestFactoryFunction::test_create_enhanced_pipeline_default\nFAILED tests/integration/test_enhanced_pipeline_comprehensive.py::TestFactoryFunction::test_create_enhanced_pipeline_custom_config\nFAILED tests/integration/test_enhanced_pipeline_comprehensive.py::TestIntegration::test_full_pipeline_flow\nFAILED tests/integration/test_enhanced_pipeline_comprehensive.py::TestIntegration::test_stress_testing\nFAILED tests/integration/test_integration_options_pipeline.py::TestEndToEndIntegration::test_complete_analysis_workflow\nFAILED tests/integration/test_integration_options_pipeline.py::TestEndToEndIntegration::test_prediction_model_integration\nFAILED tests/integration/test_integration_options_pipeline.py::TestEndToEndIntegration::test_valuation_engine_integration\nFAILED tests/integration/test_integration_options_pipeline.py::TestPerformanceValidation::test_cache_effectiveness\nFAILED tests/integration/test_integration_options_pipeline.py::TestPerformanceValidation::test_market_scan_performance\nFAILED tests/integration/test_integration_options_pipeline.py::TestPerformanceValidation::test_single_ticker_performance\nFAILED tests/integration/test_integration_options_pipeline.py::TestFunctionalityValidation::test_aggressive_configuration\nFAILED tests/integration/test_integration_options_pipeline.py::TestFunctionalityValidation::test_conservative_configuration\nFAILED tests/integration/test_integration_options_pipeline.py::TestFunctionalityValidation::test_different_option_strategies\nFAILED tests/integration/test_integration_options_pipeline.py::TestErrorHandlingAndEdgeCases::test_concurrent_analysis_safety\nFAILED tests/integration/test_integration_options_pipeline.py::TestErrorHandlingAndEdgeCases::test_invalid_option_handling\nFAILED tests/integration/test_integration_options_pipeline.py::TestErrorHandlingAndEdgeCases::test_no_market_data_handling\nFAILED tests/integration/test_integration_options_pipeline.py::TestCLIIntegration::test_cli_analyze_command\nFAILED tests/integration/test_integration_options_pipeline.py::TestCLIIntegration::test_cli_monitor_command\nFAILED tests/integration/test_integration_options_pipeline.py::TestCLIIntegration::test_cli_scan_command\nERROR tests/integration/test_enhanced_pipeline_comprehensive.py::TestEnhancedOracleOptionsPipeline::test_safe_mode_initialization\nERROR tests/integration/test_enhanced_pipeline_comprehensive.py::TestEnhancedOracleOptionsPipeline::test_mock_data_generation\nERROR tests/integration/test_enhanced_pipeline_comprehensive.py::TestEnhancedOracleOptionsPipeline::test_symbol_analysis\nERROR tests/integration/test_enhanced_pipeline_comprehensive.py::TestEnhancedOracleOptionsPipeline::test_opportunity_score_calculation\nERROR tests/integration/test_enhanced_pipeline_comprehensive.py::TestEnhancedOracleOptionsPipeline::test_kelly_position_sizing\nERROR tests/integration/test_enhanced_pipeline_comprehensive.py::TestEnhancedOracleOptionsPipeline::test_option_price_estimation\nERROR tests/integration/test_enhanced_pipeline_comprehensive.py::TestEnhancedOracleOptionsPipeline::test_market_scan\nERROR tests/integration/test_enhanced_pipeline_comprehensive.py::TestEnhancedOracleOptionsPipeline::test_performance_tracking\nERROR tests/integration/test_enhanced_pipeline_comprehensive.py::TestEnhancedOracleOptionsPipeline::test_error_handling\nERROR tests/integration/test_enhanced_pipeline_comprehensive.py::TestEnhancedOracleOptionsPipeline::test_pipeline_shutdown\n====== 21 failed, 54 passed, 129 warnings, 10 errors in 67.71s (0:01:07) =======\n",
    "stderr": "",
    "success": false
  },
  "Critical Tests": [
    {
      "command": "python -m pytest tests/test_financial_calculator.py --tb=short --durations=10",
      "returncode": 1,
      "stdout": "============================= test session starts ==============================\nplatform darwin -- Python 3.12.11, pytest-8.4.1, pluggy-1.6.0\nrootdir: /Users/omar/Documents/Projects/oracle-x\nconfigfile: pytest.ini\nplugins: anyio-4.9.0, asyncio-1.1.0, dash-3.2.0, cov-6.2.1\nasyncio: mode=Mode.STRICT, asyncio_default_fixture_loop_scope=None, asyncio_default_test_loop_scope=function\ncollected 1 item\n\ntests/test_financial_calculator.py F                                     [100%]\n\n=================================== FAILURES ===================================\n__________________________ test_financial_integration __________________________\ntests/test_financial_calculator.py:39: in test_financial_integration\n    market_data = orchestrator.get_market_data(symbol, timeframe=\"1mo\")\n                  ^^^^^^^^^^^^^^^^^^^^^^^^^^^^^^^^^^^^^^^^^^^^^^^^^^^^^\nE   TypeError: DataFeedOrchestrator.get_market_data() got an unexpected keyword argument 'timeframe'\n----------------------------- Captured stdout call -----------------------------\n=== Financial Calculator Integration Test ===\n\\n\ud83d\udd0d Testing financial calculations for AAPL...\n\u2705 Quote retrieved in 0.66s\n   Price: $230.56000000000000227373675443232059478759765625\n   Volume: 36,804,727\n   Market Cap: $3,421,602,578,432\n------------------------------ Captured log call -------------------------------\nWARNING  data_feeds.data_feed_orchestrator:data_feed_orchestrator.py:1476 TwelveData rate limit hit for AAPL: You have run out of API credits for the day. 937 API credits were used, with the current limit being 800. Wait for the next day or consider switching to a paid plan that will remove daily limits at https://twelvedata.com/pricing\n============================= slowest 10 durations =============================\n0.68s call     tests/test_financial_calculator.py::test_financial_integration\n\n(2 durations < 0.005s hidden.  Use -vv to show these durations.)\n=========================== short test summary info ============================\nFAILED tests/test_financial_calculator.py::test_financial_integration - TypeE...\n============================== 1 failed in 3.31s ===============================\n",
      "stderr": "",
      "success": false
    },
    {
      "command": "python -m pytest tests/test_enhanced_sentiment_pipeline.py --tb=short --durations=10",
      "returncode": 0,
      "stdout": "============================= test session starts ==============================\nplatform darwin -- Python 3.12.11, pytest-8.4.1, pluggy-1.6.0\nrootdir: /Users/omar/Documents/Projects/oracle-x\nconfigfile: pytest.ini\nplugins: anyio-4.9.0, asyncio-1.1.0, dash-3.2.0, cov-6.2.1\nasyncio: mode=Mode.STRICT, asyncio_default_fixture_loop_scope=None, asyncio_default_test_loop_scope=function\ncollected 2 items\n\ntests/test_enhanced_sentiment_pipeline.py ..                             [100%]\n\n============================= slowest 10 durations =============================\n2.49s call     tests/test_enhanced_sentiment_pipeline.py::test_enhanced_sentiment_pipeline\n1.04s call     tests/test_enhanced_sentiment_pipeline.py::test_adapter_integration\n\n(4 durations < 0.005s hidden.  Use -vv to show these durations.)\n============================== 2 passed in 3.55s ===============================\n",
      "stderr": "",
      "success": true
    },
    {
      "command": "python -m pytest tests/unit/test_basic_system.py --tb=short --durations=10",
      "returncode": 0,
      "stdout": "============================= test session starts ==============================\nplatform darwin -- Python 3.12.11, pytest-8.4.1, pluggy-1.6.0\nrootdir: /Users/omar/Documents/Projects/oracle-x\nconfigfile: pytest.ini\nplugins: anyio-4.9.0, asyncio-1.1.0, dash-3.2.0, cov-6.2.1\nasyncio: mode=Mode.STRICT, asyncio_default_fixture_loop_scope=None, asyncio_default_test_loop_scope=function\ncollected 3 items\n\ntests/unit/test_basic_system.py ...                                      [100%]\n\n============================= slowest 10 durations =============================\n1.40s call     tests/unit/test_basic_system.py::test_basic_quotes\n0.77s call     tests/unit/test_basic_system.py::test_market_internals\n\n(7 durations < 0.005s hidden.  Use -vv to show these durations.)\n============================== 3 passed in 4.70s ===============================\n",
      "stderr": "",
      "success": true
    }
  ]
}